<?xml version="1.0" encoding="UTF-8"?>
<testng-results skipped="0" failed="0" ignored="0" total="1" passed="1">
  <reporter-output>
  </reporter-output>
  <suite name="Default suite" duration-ms="29143" started-at="2020-09-01T00:21:06 IST" finished-at="2020-09-01T00:21:35 IST">
    <groups>
    </groups>
    <test name="Default test" duration-ms="29143" started-at="2020-09-01T00:21:06 IST" finished-at="2020-09-01T00:21:35 IST">
      <class name="selenum4.Locators">
        <test-method status="PASS" signature="enhancedLocators()[pri:0, instance:selenum4.Locators@419c5f1a]" name="enhancedLocators" duration-ms="29112" started-at="2020-09-01T00:21:06 IST" finished-at="2020-09-01T00:21:35 IST">
          <reporter-output>
          </reporter-output>
        </test-method> <!-- enhancedLocators -->
      </class> <!-- selenum4.Locators -->
    </test> <!-- Default test -->
  </suite> <!-- Default suite -->
</testng-results>
